# JRE version: OpenJDK Runtime Environment (8.0_212-b03) (build 1.8.0_212-8u212-b03-0ubuntu1.18.04.1-b03)
# Java VM: OpenJDK 64-Bit Server VM (25.212-b03 mixed mode linux-amd64 compressed oops)
Heap:
 PSYoungGen      total 523776K, used 82603K [0x000000076d400000, 0x000000078f100000, 0x00000007c0000000)
  eden space 510464K, 16% used [0x000000076d400000,0x00000007724aafd0,0x000000078c680000)
  from space 13312K, 0% used [0x000000078d900000,0x000000078d900000,0x000000078e600000)
  to   space 18944K, 0% used [0x000000078c680000,0x000000078c680000,0x000000078d900000)
 ParOldGen       total 124928K, used 23046K [0x00000006c7c00000, 0x00000006cf600000, 0x000000076d400000)
  object space 124928K, 18% used [0x00000006c7c00000,0x00000006c9281ba8,0x00000006cf600000)
 Metaspace       used 22725K, capacity 23280K, committed 23552K, reserved 1071104K
  class space    used 2609K, capacity 2785K, committed 2816K, reserved 1048576K
GC Heap History (10 events):
Event: 1.393 GC heap before
{Heap before GC invocations=3 (full 0):
 PSYoungGen      total 139264K, used 139253K [0x000000076d400000, 0x0000000776600000, 0x00000007c0000000)
  eden space 129024K, 100% used [0x000000076d400000,0x0000000775200000,0x0000000775200000)
  from space 10240K, 99% used [0x0000000775c00000,0x00000007765fd750,0x0000000776600000)
  to   space 10240K, 0% used [0x0000000775200000,0x0000000775200000,0x0000000775c00000)
 ParOldGen       total 171008K, used 1768K [0x00000006c7c00000, 0x00000006d2300000, 0x000000076d400000)
  object space 171008K, 1% used [0x00000006c7c00000,0x00000006c7dba078,0x00000006d2300000)
 Metaspace       used 16119K, capacity 16446K, committed 16640K, reserved 1064960K
  class space    used 1873K, capacity 1985K, committed 2048K, reserved 1048576K
Event: 1.399 GC heap after
Heap after GC invocations=3 (full 0):
 PSYoungGen      total 139264K, used 10208K [0x000000076d400000, 0x000000077e400000, 0x00000007c0000000)
  eden space 129024K, 0% used [0x000000076d400000,0x000000076d400000,0x0000000775200000)
  from space 10240K, 99% used [0x0000000775200000,0x0000000775bf8040,0x0000000775c00000)
  to   space 10240K, 0% used [0x000000077da00000,0x000000077da00000,0x000000077e400000)
 ParOldGen       total 171008K, used 4198K [0x00000006c7c00000, 0x00000006d2300000, 0x000000076d400000)
  object space 171008K, 2% used [0x00000006c7c00000,0x00000006c8019938,0x00000006d2300000)
 Metaspace       used 16119K, capacity 16446K, committed 16640K, reserved 1064960K
  class space    used 1873K, capacity 1985K, committed 2048K, reserved 1048576K
}
Event: 1.464 GC heap before
{Heap before GC invocations=4 (full 0):
 PSYoungGen      total 139264K, used 139232K [0x000000076d400000, 0x000000077e400000, 0x00000007c0000000)
  eden space 129024K, 100% used [0x000000076d400000,0x0000000775200000,0x0000000775200000)
  from space 10240K, 99% used [0x0000000775200000,0x0000000775bf8040,0x0000000775c00000)
  to   space 10240K, 0% used [0x000000077da00000,0x000000077da00000,0x000000077e400000)
 ParOldGen       total 171008K, used 4198K [0x00000006c7c00000, 0x00000006d2300000, 0x000000076d400000)
  object space 171008K, 2% used [0x00000006c7c00000,0x00000006c8019938,0x00000006d2300000)
 Metaspace       used 16120K, capacity 16446K, committed 16640K, reserved 1064960K
  class space    used 1873K, capacity 1985K, committed 2048K, reserved 1048576K
Event: 1.469 GC heap after
Heap after GC invocations=4 (full 0):
 PSYoungGen      total 268288K, used 10228K [0x000000076d400000, 0x000000077e400000, 0x00000007c0000000)
  eden space 258048K, 0% used [0x000000076d400000,0x000000076d400000,0x000000077d000000)
  from space 10240K, 99% used [0x000000077da00000,0x000000077e3fd050,0x000000077e400000)
  to   space 10240K, 0% used [0x000000077d000000,0x000000077d000000,0x000000077da00000)
 ParOldGen       total 171008K, used 4806K [0x00000006c7c00000, 0x00000006d2300000, 0x000000076d400000)
  object space 171008K, 2% used [0x00000006c7c00000,0x00000006c80b1938,0x00000006d2300000)
 Metaspace       used 16120K, capacity 16446K, committed 16640K, reserved 1064960K
  class space    used 1873K, capacity 1985K, committed 2048K, reserved 1048576K
}
Event: 1.722 GC heap before
{Heap before GC invocations=5 (full 0):
 PSYoungGen      total 268288K, used 268276K [0x000000076d400000, 0x000000077e400000, 0x00000007c0000000)
  eden space 258048K, 100% used [0x000000076d400000,0x000000077d000000,0x000000077d000000)
  from space 10240K, 99% used [0x000000077da00000,0x000000077e3fd050,0x000000077e400000)
  to   space 10240K, 0% used [0x000000077d000000,0x000000077d000000,0x000000077da00000)
 ParOldGen       total 171008K, used 4806K [0x00000006c7c00000, 0x00000006d2300000, 0x000000076d400000)
  object space 171008K, 2% used [0x00000006c7c00000,0x00000006c80b1938,0x00000006d2300000)
 Metaspace       used 16306K, capacity 16580K, committed 16896K, reserved 1064960K
  class space    used 1879K, capacity 1986K, committed 2048K, reserved 1048576K
Event: 1.728 GC heap after
Heap after GC invocations=5 (full 0):
 PSYoungGen      total 268288K, used 10224K [0x000000076d400000, 0x000000078e600000, 0x00000007c0000000)
  eden space 258048K, 0% used [0x000000076d400000,0x000000076d400000,0x000000077d000000)
  from space 10240K, 99% used [0x000000077d000000,0x000000077d9fc030,0x000000077da00000)
  to   space 13312K, 0% used [0x000000078d900000,0x000000078d900000,0x000000078e600000)
 ParOldGen       total 171008K, used 4910K [0x00000006c7c00000, 0x00000006d2300000, 0x000000076d400000)
  object space 171008K, 2% used [0x00000006c7c00000,0x00000006c80cb910,0x00000006d2300000)
 Metaspace       used 16306K, capacity 16580K, committed 16896K, reserved 1064960K
  class space    used 1879K, capacity 1986K, committed 2048K, reserved 1048576K
}
Event: 2.136 GC heap before
{Heap before GC invocations=6 (full 0):
 PSYoungGen      total 268288K, used 123893K [0x000000076d400000, 0x000000078e600000, 0x00000007c0000000)
  eden space 258048K, 44% used [0x000000076d400000,0x0000000774301678,0x000000077d000000)
  from space 10240K, 99% used [0x000000077d000000,0x000000077d9fc030,0x000000077da00000)
  to   space 13312K, 0% used [0x000000078d900000,0x000000078d900000,0x000000078e600000)
 ParOldGen       total 171008K, used 4910K [0x00000006c7c00000, 0x00000006d2300000, 0x000000076d400000)
  object space 171008K, 2% used [0x00000006c7c00000,0x00000006c80cb910,0x00000006d2300000)
 Metaspace       used 20766K, capacity 21096K, committed 21296K, reserved 1069056K
  class space    used 2439K, capacity 2578K, committed 2688K, reserved 1048576K
Event: 2.149 GC heap after
Heap after GC invocations=6 (full 0):
 PSYoungGen      total 523776K, used 13308K [0x000000076d400000, 0x000000078f100000, 0x00000007c0000000)
  eden space 510464K, 0% used [0x000000076d400000,0x000000076d400000,0x000000078c680000)
  from space 13312K, 99% used [0x000000078d900000,0x000000078e5ff078,0x000000078e600000)
  to   space 18944K, 0% used [0x000000078c680000,0x000000078c680000,0x000000078d900000)
 ParOldGen       total 171008K, used 12637K [0x00000006c7c00000, 0x00000006d2300000, 0x000000076d400000)
  object space 171008K, 7% used [0x00000006c7c00000,0x00000006c8857458,0x00000006d2300000)
 Metaspace       used 20766K, capacity 21096K, committed 21296K, reserved 1069056K
  class space    used 2439K, capacity 2578K, committed 2688K, reserved 1048576K
}
Event: 2.149 GC heap before
{Heap before GC invocations=7 (full 1):
 PSYoungGen      total 523776K, used 13308K [0x000000076d400000, 0x000000078f100000, 0x00000007c0000000)
  eden space 510464K, 0% used [0x000000076d400000,0x000000076d400000,0x000000078c680000)
  from space 13312K, 99% used [0x000000078d900000,0x000000078e5ff078,0x000000078e600000)
  to   space 18944K, 0% used [0x000000078c680000,0x000000078c680000,0x000000078d900000)
 ParOldGen       total 171008K, used 12637K [0x00000006c7c00000, 0x00000006d2300000, 0x000000076d400000)
  object space 171008K, 7% used [0x00000006c7c00000,0x00000006c8857458,0x00000006d2300000)
 Metaspace       used 20766K, capacity 21096K, committed 21296K, reserved 1069056K
  class space    used 2439K, capacity 2578K, committed 2688K, reserved 1048576K
Event: 2.198 GC heap after
Heap after GC invocations=7 (full 1):
 PSYoungGen      total 523776K, used 0K [0x000000076d400000, 0x000000078f100000, 0x00000007c0000000)
  eden space 510464K, 0% used [0x000000076d400000,0x000000076d400000,0x000000078c680000)
  from space 13312K, 0% used [0x000000078d900000,0x000000078d900000,0x000000078e600000)
  to   space 18944K, 0% used [0x000000078c680000,0x000000078c680000,0x000000078d900000)
 ParOldGen       total 124928K, used 23046K [0x00000006c7c00000, 0x00000006cf600000, 0x000000076d400000)
  object space 124928K, 18% used [0x00000006c7c00000,0x00000006c9281ba8,0x00000006cf600000)
 Metaspace       used 20766K, capacity 21096K, committed 21296K, reserved 1069056K
  class space    used 2439K, capacity 2578K, committed 2688K, reserved 1048576K
}

